<?xml version="1.0" encoding="UTF-8"?>
<testng-results skipped="0" failed="1" total="11" passed="10">
  <reporter-output>
  </reporter-output>
  <suite name="Default suite" duration-ms="39480" started-at="2018-06-29T06:02:06Z" finished-at="2018-06-29T06:02:45Z">
    <groups>
    </groups>
    <test name="Default test" duration-ms="39480" started-at="2018-06-29T06:02:06Z" finished-at="2018-06-29T06:02:45Z">
      <class name="com.qait.snl.advancedTatoc.TestAdvanced">
        <test-method status="PASS" signature="advancedCourse()[pri:0, instance:com.qait.snl.advancedTatoc.TestAdvanced@1972e513]" name="advancedCourse" duration-ms="1454" started-at="2018-06-29T11:32:06Z" finished-at="2018-06-29T11:32:07Z">
          <reporter-output>
          </reporter-output>
        </test-method> <!-- advancedCourse -->
        <test-method status="PASS" signature="hoverMenu()[pri:0, instance:com.qait.snl.advancedTatoc.TestAdvanced@1972e513]" name="hoverMenu" duration-ms="88" started-at="2018-06-29T11:32:07Z" depends-on-methods="com.qait.snl.advancedTatoc.TestAdvanced.advancedCourse" finished-at="2018-06-29T11:32:07Z">
          <reporter-output>
          </reporter-output>
        </test-method> <!-- hoverMenu -->
        <test-method status="PASS" signature="proceedWithoutEnteringCredentials()[pri:0, instance:com.qait.snl.advancedTatoc.TestAdvanced@1972e513]" name="proceedWithoutEnteringCredentials" duration-ms="1075" started-at="2018-06-29T11:32:07Z" depends-on-methods="com.qait.snl.advancedTatoc.TestAdvanced.hoverMenu" finished-at="2018-06-29T11:32:08Z">
          <reporter-output>
          </reporter-output>
        </test-method> <!-- proceedWithoutEnteringCredentials -->
        <test-method status="PASS" signature="queryGate()[pri:0, instance:com.qait.snl.advancedTatoc.TestAdvanced@1972e513]" name="queryGate" duration-ms="3230" started-at="2018-06-29T11:32:08Z" depends-on-methods="com.qait.snl.advancedTatoc.TestAdvanced.hoverMenu" finished-at="2018-06-29T11:32:11Z">
          <reporter-output>
          </reporter-output>
        </test-method> <!-- queryGate -->
        <test-method status="PASS" signature="clickOnProceedWithoutPostHttpRequest()[pri:0, instance:com.qait.snl.advancedTatoc.TestAdvanced@1972e513]" name="clickOnProceedWithoutPostHttpRequest" duration-ms="67" started-at="2018-06-29T11:32:11Z" depends-on-methods="com.qait.snl.advancedTatoc.TestAdvanced.queryGate" finished-at="2018-06-29T11:32:12Z">
          <reporter-output>
          </reporter-output>
        </test-method> <!-- clickOnProceedWithoutPostHttpRequest -->
        <test-method status="PASS" signature="restApiGenerateToken()[pri:0, instance:com.qait.snl.advancedTatoc.TestAdvanced@1972e513]" name="restApiGenerateToken" duration-ms="74" started-at="2018-06-29T11:32:12Z" depends-on-methods="com.qait.snl.advancedTatoc.TestAdvanced.queryGate" finished-at="2018-06-29T11:32:12Z">
          <reporter-output>
          </reporter-output>
        </test-method> <!-- restApiGenerateToken -->
        <test-method status="PASS" signature="restApiPostMethod()[pri:0, instance:com.qait.snl.advancedTatoc.TestAdvanced@1972e513]" name="restApiPostMethod" duration-ms="28" started-at="2018-06-29T11:32:12Z" depends-on-methods="com.qait.snl.advancedTatoc.TestAdvanced.restApiGenerateToken" finished-at="2018-06-29T11:32:12Z">
          <reporter-output>
          </reporter-output>
        </test-method> <!-- restApiPostMethod -->
        <test-method status="PASS" signature="DownlaodFileandEnterSignatue()[pri:0, instance:com.qait.snl.advancedTatoc.TestAdvanced@1972e513]" name="DownlaodFileandEnterSignatue" duration-ms="1131" started-at="2018-06-29T11:32:12Z" depends-on-methods="com.qait.snl.advancedTatoc.TestAdvanced.restApiPostMethod" finished-at="2018-06-29T11:32:13Z">
          <reporter-output>
          </reporter-output>
        </test-method> <!-- DownlaodFileandEnterSignatue -->
        <test-method status="FAIL" signature="ProceedAfter30Seconds()[pri:0, instance:com.qait.snl.advancedTatoc.TestAdvanced@1972e513]" name="ProceedAfter30Seconds" duration-ms="32084" started-at="2018-06-29T11:32:13Z" depends-on-methods="com.qait.snl.advancedTatoc.TestAdvanced.DownlaodFileandEnterSignatue" finished-at="2018-06-29T11:32:45Z">
          <exception class="java.lang.AssertionError">
            <message>
              <![CDATA[expected [http://10.0.1.86/tatoc/advanced/file/handle] but found [http://10.0.1.86/tatoc/error]]]>
            </message>
            <full-stacktrace>
              <![CDATA[java.lang.AssertionError: expected [http://10.0.1.86/tatoc/advanced/file/handle] but found [http://10.0.1.86/tatoc/error]
	at org.testng.Assert.fail(Assert.java:94)
	at org.testng.Assert.failNotEquals(Assert.java:494)
	at org.testng.Assert.assertEquals(Assert.java:123)
	at org.testng.Assert.assertEquals(Assert.java:176)
	at org.testng.Assert.assertEquals(Assert.java:186)
	at com.qait.snl.advancedTatoc.Assertion.putAssertionNewtoCheckErrorPage(Assertion.java:23)
	at com.qait.snl.advancedTatoc.TestAdvanced.ProceedAfter30Seconds(TestAdvanced.java:152)
	at sun.reflect.NativeMethodAccessorImpl.invoke0(Native Method)
	at sun.reflect.NativeMethodAccessorImpl.invoke(NativeMethodAccessorImpl.java:62)
	at sun.reflect.DelegatingMethodAccessorImpl.invoke(DelegatingMethodAccessorImpl.java:43)
	at java.lang.reflect.Method.invoke(Method.java:498)
	at org.testng.internal.MethodInvocationHelper.invokeMethod(MethodInvocationHelper.java:80)
	at org.testng.internal.Invoker.invokeMethod(Invoker.java:714)
	at org.testng.internal.Invoker.invokeTestMethod(Invoker.java:901)
	at org.testng.internal.Invoker.invokeTestMethods(Invoker.java:1231)
	at org.testng.internal.TestMethodWorker.invokeTestMethods(TestMethodWorker.java:127)
	at org.testng.internal.TestMethodWorker.run(TestMethodWorker.java:111)
	at org.testng.TestRunner.privateRun(TestRunner.java:767)
	at org.testng.TestRunner.run(TestRunner.java:617)
	at org.testng.SuiteRunner.runTest(SuiteRunner.java:334)
	at org.testng.SuiteRunner.runSequentially(SuiteRunner.java:329)
	at org.testng.SuiteRunner.privateRun(SuiteRunner.java:291)
	at org.testng.SuiteRunner.run(SuiteRunner.java:240)
	at org.testng.SuiteRunnerWorker.runSuite(SuiteRunnerWorker.java:52)
	at org.testng.SuiteRunnerWorker.run(SuiteRunnerWorker.java:86)
	at org.testng.TestNG.runSuitesSequentially(TestNG.java:1198)
	at org.testng.TestNG.runSuitesLocally(TestNG.java:1123)
	at org.testng.TestNG.run(TestNG.java:1031)
	at org.testng.remote.AbstractRemoteTestNG.run(AbstractRemoteTestNG.java:114)
	at org.testng.remote.RemoteTestNG.initAndRun(RemoteTestNG.java:251)
	at org.testng.remote.RemoteTestNG.main(RemoteTestNG.java:77)
]]>
            </full-stacktrace>
          </exception> <!-- java.lang.AssertionError -->
          <reporter-output>
          </reporter-output>
        </test-method> <!-- ProceedAfter30Seconds -->
        <test-method status="PASS" signature="ProceedWithoutDownloadingFile()[pri:0, instance:com.qait.snl.advancedTatoc.TestAdvanced@1972e513]" name="ProceedWithoutDownloadingFile" duration-ms="103" started-at="2018-06-29T11:32:45Z" depends-on-methods="com.qait.snl.advancedTatoc.TestAdvanced.DownlaodFileandEnterSignatue" finished-at="2018-06-29T11:32:45Z">
          <reporter-output>
          </reporter-output>
        </test-method> <!-- ProceedWithoutDownloadingFile -->
        <test-method status="PASS" signature="ProceedWithoutEnteringSignature()[pri:0, instance:com.qait.snl.advancedTatoc.TestAdvanced@1972e513]" name="ProceedWithoutEnteringSignature" duration-ms="107" started-at="2018-06-29T11:32:45Z" depends-on-methods="com.qait.snl.advancedTatoc.TestAdvanced.DownlaodFileandEnterSignatue" finished-at="2018-06-29T11:32:45Z">
          <reporter-output>
          </reporter-output>
        </test-method> <!-- ProceedWithoutEnteringSignature -->
      </class> <!-- com.qait.snl.advancedTatoc.TestAdvanced -->
    </test> <!-- Default test -->
  </suite> <!-- Default suite -->
</testng-results>
